GwangjuBus2/app/build/intermediates/manifest_merge_blame_file/debug/manifest-merger-blame-debug-report.txt
1<?xml version="1.0" encoding="utf-8"?>
2<manifest xmlns:android="http://schemas.android.com/apk/res/android"
3    package="org.techtown.gwangjubus"
4    android:versionCode="1"
5    android:versionName="1.0" >
6
7    <uses-sdk
8        android:minSdkVersion="16"
8-->src\main\AndroidManifest.xml
9        android:targetSdkVersion="30" />
9-->src\main\AndroidManifest.xml
10
11    <uses-permission android:name="android.permission.INTERNET" />
11-->src\main\AndroidManifest.xml:6:5-67
11-->src\main\AndroidManifest.xml:6:22-64
12    <uses-permission android:name="android.permission.CAMERA" />
12-->src\main\AndroidManifest.xml:7:5-65
12-->src\main\AndroidManifest.xml:7:22-62
13
14    <!-- Don't require camera, as this requires a rear camera. This allows it to work on the Nexus 7 -->
15    <uses-feature
15-->[com.journeyapps:zxing-android-embedded:3.6.0] AndroidManifest.xml:25:5-27:36
16        android:name="android.hardware.camera"
16-->[com.journeyapps:zxing-android-embedded:3.6.0] AndroidManifest.xml:26:9-47
17        android:required="false" />
17-->[com.journeyapps:zxing-android-embedded:3.6.0] AndroidManifest.xml:27:9-33
18    <uses-feature
18-->[com.journeyapps:zxing-android-embedded:3.6.0] AndroidManifest.xml:28:5-30:36
19        android:name="android.hardware.camera.front"
19-->[com.journeyapps:zxing-android-embedded:3.6.0] AndroidManifest.xml:29:9-53
20        android:required="false" /> <!-- TODO replace above two with next line after Android 4.2 -->
20-->[com.journeyapps:zxing-android-embedded:3.6.0] AndroidManifest.xml:30:9-33
21    <!-- <uses-feature android:name="android.hardware.camera.any"/> -->
22    <uses-feature
22-->[com.journeyapps:zxing-android-embedded:3.6.0] AndroidManifest.xml:33:5-35:36
23        android:name="android.hardware.camera.autofocus"
23-->[com.journeyapps:zxing-android-embedded:3.6.0] AndroidManifest.xml:34:9-57
24        android:required="false" />
24-->[com.journeyapps:zxing-android-embedded:3.6.0] AndroidManifest.xml:35:9-33
25    <uses-feature
25-->[com.journeyapps:zxing-android-embedded:3.6.0] AndroidManifest.xml:36:5-38:36
26        android:name="android.hardware.camera.flash"
26-->[com.journeyapps:zxing-android-embedded:3.6.0] AndroidManifest.xml:37:9-53
27        android:required="false" />
27-->[com.journeyapps:zxing-android-embedded:3.6.0] AndroidManifest.xml:38:9-33
28    <uses-feature
28-->[com.journeyapps:zxing-android-embedded:3.6.0] AndroidManifest.xml:39:5-41:36
29        android:name="android.hardware.screen.landscape"
29-->[com.journeyapps:zxing-android-embedded:3.6.0] AndroidManifest.xml:40:9-57
30        android:required="false" />
30-->[com.journeyapps:zxing-android-embedded:3.6.0] AndroidManifest.xml:41:9-33
31    <uses-feature
31-->[com.journeyapps:zxing-android-embedded:3.6.0] AndroidManifest.xml:42:5-44:36
32        android:name="android.hardware.wifi"
32-->[com.journeyapps:zxing-android-embedded:3.6.0] AndroidManifest.xml:43:9-45
33        android:required="false" />
33-->[com.journeyapps:zxing-android-embedded:3.6.0] AndroidManifest.xml:44:9-33
34
35    <application
35-->src\main\AndroidManifest.xml:9:5-37:19
36        android:allowBackup="true"
36-->src\main\AndroidManifest.xml:10:9-35
37        android:appComponentFactory="androidx.core.app.CoreComponentFactory"
37-->[androidx.core:core:1.3.1] AndroidManifest.xml:24:18-86
38        android:debuggable="true"
39        android:hardwareAccelerated="false"
39-->src\main\AndroidManifest.xml:11:9-44
40        android:icon="@mipmap/ic_launcher"
40-->src\main\AndroidManifest.xml:12:9-43
41        android:label="@string/app_name"
41-->src\main\AndroidManifest.xml:13:9-41
42        android:largeHeap="true"
42-->src\main\AndroidManifest.xml:14:9-33
43        android:roundIcon="@mipmap/ic_launcher_round"
43-->src\main\AndroidManifest.xml:15:9-54
44        android:supportsRtl="true"
44-->src\main\AndroidManifest.xml:16:9-35
45        android:testOnly="true"
46        android:theme="@style/Theme.GwangjuBus"
46-->src\main\AndroidManifest.xml:17:9-48
47        android:usesCleartextTraffic="true" >
47-->src\main\AndroidManifest.xml:18:9-44
48        <activity android:name="org.techtown.gwangjubus.action.PopupFragment" />
48-->src\main\AndroidManifest.xml:19:9-67
48-->src\main\AndroidManifest.xml:19:19-55
49        <activity android:name="org.techtown.gwangjubus.ui.ZxingActivity" />
49-->src\main\AndroidManifest.xml:20:9-54
49-->src\main\AndroidManifest.xml:20:19-51
50        <activity android:name="org.techtown.gwangjubus.action.CustomScannerActivity" />
50-->src\main\AndroidManifest.xml:21:9-66
50-->src\main\AndroidManifest.xml:21:19-63
51        <activity android:name="org.techtown.gwangjubus.action.AnyOrientationCaptureActivity" />
51-->src\main\AndroidManifest.xml:22:9-74
51-->src\main\AndroidManifest.xml:22:19-71
52        <activity
52-->src\main\AndroidManifest.xml:23:9-31:20
53            android:name="org.techtown.gwangjubus.MainActivity"
53-->src\main\AndroidManifest.xml:24:13-41
54            android:label="@string/app_name" >
54-->src\main\AndroidManifest.xml:25:13-45
55            <intent-filter>
55-->src\main\AndroidManifest.xml:26:13-30:29
56                <action android:name="android.intent.action.MAIN" />
56-->src\main\AndroidManifest.xml:27:17-69
56-->src\main\AndroidManifest.xml:27:25-66
57
58                <category android:name="android.intent.category.LAUNCHER" />
58-->src\main\AndroidManifest.xml:29:17-77
58-->src\main\AndroidManifest.xml:29:27-74
59            </intent-filter>
60        </activity>
61        <activity
61-->src\main\AndroidManifest.xml:32:9-36:49
62            android:name="com.journeyapps.barcodescanner.CaptureActivity"
62-->src\main\AndroidManifest.xml:33:13-74
63            android:clearTaskOnLaunch="true"
63-->[com.journeyapps:zxing-android-embedded:3.6.0] AndroidManifest.xml:49:13-45
64            android:screenOrientation="portrait"
64-->src\main\AndroidManifest.xml:34:13-49
65            android:stateNotNeeded="true"
65-->src\main\AndroidManifest.xml:35:13-42
66            android:theme="@style/zxing_CaptureTheme"
66-->[com.journeyapps:zxing-android-embedded:3.6.0] AndroidManifest.xml:52:13-54
67            android:windowSoftInputMode="stateAlwaysHidden" />
67-->[com.journeyapps:zxing-android-embedded:3.6.0] AndroidManifest.xml:53:13-60
68        <activity
68-->[com.github.lakue119:LakuePopupActivity:1.0.1] AndroidManifest.xml:12:9-14:59
69            android:name="com.lakue.lakuepopupactivity.PopupActivity"
69-->[com.github.lakue119:LakuePopupActivity:1.0.1] AndroidManifest.xml:13:13-70
70            android:theme="@android:style/Theme.Dialog" />
70-->[com.github.lakue119:LakuePopupActivity:1.0.1] AndroidManifest.xml:14:13-56
71    </application>
72
73</manifest>